[32mINFO[0m:     [15-05-2024 22:17:19] Set chroma_server_nofile to 65535
[32mINFO[0m:     [15-05-2024 22:17:19] Anonymized telemetry enabled. See                     https://docs.trychroma.com/telemetry for more information.
[36mDEBUG[0m:    [15-05-2024 22:17:19] Starting component System
[36mDEBUG[0m:    [15-05-2024 22:17:19] Starting component OpenTelemetryClient
[36mDEBUG[0m:    [15-05-2024 22:17:19] Starting component SqliteDB
[36mDEBUG[0m:    [15-05-2024 22:17:19] Starting component QuotaEnforcer
[36mDEBUG[0m:    [15-05-2024 22:17:19] Starting component Posthog
[36mDEBUG[0m:    [15-05-2024 22:17:19] Starting component LocalSegmentManager
[36mDEBUG[0m:    [15-05-2024 22:17:19] Starting component SegmentAPI
[32mINFO[0m:     [15-05-2024 22:17:19] Started server process [[36m13521[0m]
[32mINFO[0m:     [15-05-2024 22:17:19] Waiting for application startup.
[32mINFO[0m:     [15-05-2024 22:17:19] Application startup complete.
[32mINFO[0m:     [15-05-2024 22:17:19] Uvicorn running on [1mhttp://localhost:7777[0m (Press CTRL+C to quit)
[32mINFO[0m:     [15-05-2024 22:17:22] Shutting down
[32mINFO[0m:     [15-05-2024 22:17:22] Waiting for application shutdown.
[36mDEBUG[0m:    [15-05-2024 22:17:22] Stopping component System
[36mDEBUG[0m:    [15-05-2024 22:17:22] Stopping component SegmentAPI
[36mDEBUG[0m:    [15-05-2024 22:17:22] Stopping component LocalSegmentManager
[36mDEBUG[0m:    [15-05-2024 22:17:22] Stopping component Posthog
[36mDEBUG[0m:    [15-05-2024 22:17:22] Stopping component QuotaEnforcer
[36mDEBUG[0m:    [15-05-2024 22:17:22] Stopping component SqliteDB
[36mDEBUG[0m:    [15-05-2024 22:17:22] Stopping component OpenTelemetryClient
[32mINFO[0m:     [15-05-2024 22:17:22] Application shutdown complete.
[32mINFO[0m:     [15-05-2024 22:17:22] Finished server process [[36m13521[0m]
[32mINFO[0m:     [15-05-2024 22:17:47] Set chroma_server_nofile to 65535
[32mINFO[0m:     [15-05-2024 22:17:47] Anonymized telemetry enabled. See                     https://docs.trychroma.com/telemetry for more information.
[36mDEBUG[0m:    [15-05-2024 22:17:47] Starting component System
[36mDEBUG[0m:    [15-05-2024 22:17:47] Starting component OpenTelemetryClient
[36mDEBUG[0m:    [15-05-2024 22:17:47] Starting component SqliteDB
[36mDEBUG[0m:    [15-05-2024 22:17:47] Starting component QuotaEnforcer
[36mDEBUG[0m:    [15-05-2024 22:17:47] Starting component Posthog
[36mDEBUG[0m:    [15-05-2024 22:17:47] Starting component LocalSegmentManager
[36mDEBUG[0m:    [15-05-2024 22:17:47] Starting component SegmentAPI
[32mINFO[0m:     [15-05-2024 22:17:47] Started server process [[36m13892[0m]
[32mINFO[0m:     [15-05-2024 22:17:47] Waiting for application startup.
[36mDEBUG[0m:    [15-05-2024 22:17:47] Stopping component System
[36mDEBUG[0m:    [15-05-2024 22:17:47] Stopping component SegmentAPI
[36mDEBUG[0m:    [15-05-2024 22:17:47] Stopping component LocalSegmentManager
[36mDEBUG[0m:    [15-05-2024 22:17:47] Stopping component Posthog
[36mDEBUG[0m:    [15-05-2024 22:17:47] Stopping component QuotaEnforcer
[36mDEBUG[0m:    [15-05-2024 22:17:47] Stopping component SqliteDB
[36mDEBUG[0m:    [15-05-2024 22:17:47] Stopping component OpenTelemetryClient
[31mERROR[0m:    [15-05-2024 22:17:47] Traceback (most recent call last):
  File "/Users/harshshah/miniconda3/envs/project/lib/python3.12/asyncio/runners.py", line 118, in run
    return self._loop.run_until_complete(task)
           ^^^^^^^^^^^^^^^^^^^^^^^^^^^^^^^^^^^
  File "uvloop/loop.pyx", line 1517, in uvloop.loop.Loop.run_until_complete
  File "/Users/harshshah/miniconda3/envs/project/lib/python3.12/site-packages/uvicorn/server.py", line 78, in serve
    await self.startup(sockets=sockets)
  File "/Users/harshshah/miniconda3/envs/project/lib/python3.12/site-packages/uvicorn/server.py", line 89, in startup
    await self.lifespan.startup()
  File "/Users/harshshah/miniconda3/envs/project/lib/python3.12/site-packages/uvicorn/lifespan/on.py", line 54, in startup
    await self.startup_event.wait()
  File "/Users/harshshah/miniconda3/envs/project/lib/python3.12/asyncio/locks.py", line 212, in wait
    await fut
asyncio.exceptions.CancelledError

During handling of the above exception, another exception occurred:

Traceback (most recent call last):
  File "/Users/harshshah/miniconda3/envs/project/lib/python3.12/asyncio/runners.py", line 194, in run
    return runner.run(main)
           ^^^^^^^^^^^^^^^^
  File "/Users/harshshah/miniconda3/envs/project/lib/python3.12/asyncio/runners.py", line 123, in run
    raise KeyboardInterrupt()
KeyboardInterrupt

During handling of the above exception, another exception occurred:

Traceback (most recent call last):
  File "/Users/harshshah/miniconda3/envs/project/lib/python3.12/site-packages/starlette/routing.py", line 741, in lifespan
    await receive()
  File "/Users/harshshah/miniconda3/envs/project/lib/python3.12/site-packages/uvicorn/lifespan/on.py", line 137, in receive
    return await self.receive_queue.get()
           ^^^^^^^^^^^^^^^^^^^^^^^^^^^^^^
  File "/Users/harshshah/miniconda3/envs/project/lib/python3.12/asyncio/queues.py", line 158, in get
    await getter
asyncio.exceptions.CancelledError

[32mINFO[0m:     [15-05-2024 23:08:04] Set chroma_server_nofile to 65535
[32mINFO[0m:     [15-05-2024 23:08:04] Anonymized telemetry enabled. See                     https://docs.trychroma.com/telemetry for more information.
[36mDEBUG[0m:    [15-05-2024 23:08:04] Starting component System
[36mDEBUG[0m:    [15-05-2024 23:08:04] Starting component OpenTelemetryClient
[36mDEBUG[0m:    [15-05-2024 23:08:04] Starting component SqliteDB
[36mDEBUG[0m:    [15-05-2024 23:08:04] Starting component QuotaEnforcer
[36mDEBUG[0m:    [15-05-2024 23:08:04] Starting component Posthog
[36mDEBUG[0m:    [15-05-2024 23:08:04] Starting component LocalSegmentManager
[36mDEBUG[0m:    [15-05-2024 23:08:04] Starting component SegmentAPI
[32mINFO[0m:     [15-05-2024 23:08:04] Started server process [[36m17481[0m]
[32mINFO[0m:     [15-05-2024 23:08:04] Waiting for application startup.
[32mINFO[0m:     [15-05-2024 23:08:04] Application startup complete.
[32mINFO[0m:     [15-05-2024 23:08:04] Uvicorn running on [1mhttp://localhost:9090[0m (Press CTRL+C to quit)
[32mINFO[0m:     [15-05-2024 23:08:10] Shutting down
[32mINFO[0m:     [15-05-2024 23:08:11] Waiting for application shutdown.
[36mDEBUG[0m:    [15-05-2024 23:08:11] Stopping component System
[36mDEBUG[0m:    [15-05-2024 23:08:11] Stopping component SegmentAPI
[36mDEBUG[0m:    [15-05-2024 23:08:11] Stopping component LocalSegmentManager
[36mDEBUG[0m:    [15-05-2024 23:08:11] Stopping component Posthog
[36mDEBUG[0m:    [15-05-2024 23:08:11] Stopping component QuotaEnforcer
[36mDEBUG[0m:    [15-05-2024 23:08:11] Stopping component SqliteDB
[36mDEBUG[0m:    [15-05-2024 23:08:11] Stopping component OpenTelemetryClient
[32mINFO[0m:     [15-05-2024 23:08:11] Application shutdown complete.
[32mINFO[0m:     [15-05-2024 23:08:11] Finished server process [[36m17481[0m]
[32mINFO[0m:     [15-05-2024 23:17:52] Set chroma_server_nofile to 65535
[32mINFO[0m:     [15-05-2024 23:17:54] Anonymized telemetry enabled. See                     https://docs.trychroma.com/telemetry for more information.
[36mDEBUG[0m:    [15-05-2024 23:17:54] Starting component System
[36mDEBUG[0m:    [15-05-2024 23:17:54] Starting component OpenTelemetryClient
[36mDEBUG[0m:    [15-05-2024 23:17:54] Starting component SqliteDB
[36mDEBUG[0m:    [15-05-2024 23:17:54] Starting component QuotaEnforcer
[36mDEBUG[0m:    [15-05-2024 23:17:54] Starting component Posthog
[36mDEBUG[0m:    [15-05-2024 23:17:54] Starting component LocalSegmentManager
[36mDEBUG[0m:    [15-05-2024 23:17:54] Starting component SegmentAPI
[32mINFO[0m:     [15-05-2024 23:17:54] Started server process [[36m20476[0m]
[32mINFO[0m:     [15-05-2024 23:17:54] Waiting for application startup.
[32mINFO[0m:     [15-05-2024 23:17:54] Application startup complete.
[32mINFO[0m:     [15-05-2024 23:17:54] Uvicorn running on [1mhttp://localhost:9090[0m (Press CTRL+C to quit)
[32mINFO[0m:     [15-05-2024 23:17:56] Shutting down
[32mINFO[0m:     [15-05-2024 23:17:57] Waiting for application shutdown.
[36mDEBUG[0m:    [15-05-2024 23:17:57] Stopping component System
[36mDEBUG[0m:    [15-05-2024 23:17:57] Stopping component SegmentAPI
[36mDEBUG[0m:    [15-05-2024 23:17:57] Stopping component LocalSegmentManager
[36mDEBUG[0m:    [15-05-2024 23:17:57] Stopping component Posthog
[36mDEBUG[0m:    [15-05-2024 23:17:57] Stopping component QuotaEnforcer
[36mDEBUG[0m:    [15-05-2024 23:17:57] Stopping component SqliteDB
[36mDEBUG[0m:    [15-05-2024 23:17:57] Stopping component OpenTelemetryClient
[32mINFO[0m:     [15-05-2024 23:17:57] Application shutdown complete.
[32mINFO[0m:     [15-05-2024 23:17:57] Finished server process [[36m20476[0m]
[32mINFO[0m:     [15-05-2024 23:48:58] Set chroma_server_nofile to 65535
[32mINFO[0m:     [15-05-2024 23:49:00] Anonymized telemetry enabled. See                     https://docs.trychroma.com/telemetry for more information.
[36mDEBUG[0m:    [15-05-2024 23:49:00] Starting component System
[36mDEBUG[0m:    [15-05-2024 23:49:00] Starting component OpenTelemetryClient
[36mDEBUG[0m:    [15-05-2024 23:49:00] Starting component SqliteDB
[36mDEBUG[0m:    [15-05-2024 23:49:00] Starting component QuotaEnforcer
[36mDEBUG[0m:    [15-05-2024 23:49:00] Starting component Posthog
[36mDEBUG[0m:    [15-05-2024 23:49:00] Starting component LocalSegmentManager
[36mDEBUG[0m:    [15-05-2024 23:49:00] Starting component SegmentAPI
[32mINFO[0m:     [15-05-2024 23:49:00] Started server process [[36m28531[0m]
[32mINFO[0m:     [15-05-2024 23:49:00] Waiting for application startup.
[36mDEBUG[0m:    [15-05-2024 23:49:00] Stopping component System
[36mDEBUG[0m:    [15-05-2024 23:49:00] Stopping component SegmentAPI
[36mDEBUG[0m:    [15-05-2024 23:49:00] Stopping component LocalSegmentManager
[36mDEBUG[0m:    [15-05-2024 23:49:00] Stopping component Posthog
[36mDEBUG[0m:    [15-05-2024 23:49:00] Stopping component QuotaEnforcer
[36mDEBUG[0m:    [15-05-2024 23:49:00] Stopping component SqliteDB
[36mDEBUG[0m:    [15-05-2024 23:49:00] Stopping component OpenTelemetryClient
[31mERROR[0m:    [15-05-2024 23:49:00] Traceback (most recent call last):
  File "/Users/harshshah/miniconda3/envs/project/lib/python3.12/asyncio/runners.py", line 118, in run
    return self._loop.run_until_complete(task)
           ^^^^^^^^^^^^^^^^^^^^^^^^^^^^^^^^^^^
  File "uvloop/loop.pyx", line 1517, in uvloop.loop.Loop.run_until_complete
  File "/Users/harshshah/miniconda3/envs/project/lib/python3.12/site-packages/uvicorn/server.py", line 78, in serve
    await self.startup(sockets=sockets)
  File "/Users/harshshah/miniconda3/envs/project/lib/python3.12/site-packages/uvicorn/server.py", line 89, in startup
    await self.lifespan.startup()
  File "/Users/harshshah/miniconda3/envs/project/lib/python3.12/site-packages/uvicorn/lifespan/on.py", line 54, in startup
    await self.startup_event.wait()
  File "/Users/harshshah/miniconda3/envs/project/lib/python3.12/asyncio/locks.py", line 212, in wait
    await fut
asyncio.exceptions.CancelledError

During handling of the above exception, another exception occurred:

Traceback (most recent call last):
  File "/Users/harshshah/miniconda3/envs/project/lib/python3.12/asyncio/runners.py", line 194, in run
    return runner.run(main)
           ^^^^^^^^^^^^^^^^
  File "/Users/harshshah/miniconda3/envs/project/lib/python3.12/asyncio/runners.py", line 123, in run
    raise KeyboardInterrupt()
KeyboardInterrupt

During handling of the above exception, another exception occurred:

Traceback (most recent call last):
  File "/Users/harshshah/miniconda3/envs/project/lib/python3.12/site-packages/starlette/routing.py", line 741, in lifespan
    await receive()
  File "/Users/harshshah/miniconda3/envs/project/lib/python3.12/site-packages/uvicorn/lifespan/on.py", line 137, in receive
    return await self.receive_queue.get()
           ^^^^^^^^^^^^^^^^^^^^^^^^^^^^^^
  File "/Users/harshshah/miniconda3/envs/project/lib/python3.12/asyncio/queues.py", line 158, in get
    await getter
asyncio.exceptions.CancelledError

[32mINFO[0m:     [15-05-2024 23:49:29] Set chroma_server_nofile to 65535
[32mINFO[0m:     [15-05-2024 23:49:29] Anonymized telemetry enabled. See                     https://docs.trychroma.com/telemetry for more information.
[36mDEBUG[0m:    [15-05-2024 23:49:29] Starting component System
[36mDEBUG[0m:    [15-05-2024 23:49:29] Starting component OpenTelemetryClient
[36mDEBUG[0m:    [15-05-2024 23:49:29] Starting component SqliteDB
[36mDEBUG[0m:    [15-05-2024 23:49:29] Starting component QuotaEnforcer
[36mDEBUG[0m:    [15-05-2024 23:49:29] Starting component Posthog
[36mDEBUG[0m:    [15-05-2024 23:49:29] Starting component LocalSegmentManager
[36mDEBUG[0m:    [15-05-2024 23:49:29] Starting component SegmentAPI
[32mINFO[0m:     [15-05-2024 23:49:29] Started server process [[36m28642[0m]
[32mINFO[0m:     [15-05-2024 23:49:29] Waiting for application startup.
[32mINFO[0m:     [15-05-2024 23:49:29] Application startup complete.
[32mINFO[0m:     [15-05-2024 23:49:29] Uvicorn running on [1mhttp://localhost:9090[0m (Press CTRL+C to quit)
[32mINFO[0m:     [15-05-2024 23:49:38] Shutting down
[32mINFO[0m:     [15-05-2024 23:49:38] Waiting for application shutdown.
[36mDEBUG[0m:    [15-05-2024 23:49:38] Stopping component System
[36mDEBUG[0m:    [15-05-2024 23:49:38] Stopping component SegmentAPI
[36mDEBUG[0m:    [15-05-2024 23:49:38] Stopping component LocalSegmentManager
[36mDEBUG[0m:    [15-05-2024 23:49:38] Stopping component Posthog
[36mDEBUG[0m:    [15-05-2024 23:49:38] Stopping component QuotaEnforcer
[36mDEBUG[0m:    [15-05-2024 23:49:38] Stopping component SqliteDB
[36mDEBUG[0m:    [15-05-2024 23:49:38] Stopping component OpenTelemetryClient
[32mINFO[0m:     [15-05-2024 23:49:38] Application shutdown complete.
[32mINFO[0m:     [15-05-2024 23:49:38] Finished server process [[36m28642[0m]
[32mINFO[0m:     [16-05-2024 00:00:59] Set chroma_server_nofile to 65535
[32mINFO[0m:     [16-05-2024 00:00:59] Anonymized telemetry enabled. See                     https://docs.trychroma.com/telemetry for more information.
[36mDEBUG[0m:    [16-05-2024 00:00:59] Starting component System
[36mDEBUG[0m:    [16-05-2024 00:00:59] Starting component OpenTelemetryClient
[36mDEBUG[0m:    [16-05-2024 00:00:59] Starting component SqliteDB
[36mDEBUG[0m:    [16-05-2024 00:00:59] Starting component QuotaEnforcer
[36mDEBUG[0m:    [16-05-2024 00:00:59] Starting component Posthog
[36mDEBUG[0m:    [16-05-2024 00:00:59] Starting component LocalSegmentManager
[36mDEBUG[0m:    [16-05-2024 00:00:59] Starting component SegmentAPI
[32mINFO[0m:     [16-05-2024 00:00:59] Started server process [[36m30167[0m]
[32mINFO[0m:     [16-05-2024 00:00:59] Waiting for application startup.
[32mINFO[0m:     [16-05-2024 00:00:59] Application startup complete.
[32mINFO[0m:     [16-05-2024 00:00:59] Uvicorn running on [1mhttp://localhost:9090[0m (Press CTRL+C to quit)
[32mINFO[0m:     [16-05-2024 00:01:02] Shutting down
[32mINFO[0m:     [16-05-2024 00:01:02] Waiting for application shutdown.
[36mDEBUG[0m:    [16-05-2024 00:01:02] Stopping component System
[36mDEBUG[0m:    [16-05-2024 00:01:02] Stopping component SegmentAPI
[36mDEBUG[0m:    [16-05-2024 00:01:02] Stopping component LocalSegmentManager
[36mDEBUG[0m:    [16-05-2024 00:01:02] Stopping component Posthog
[36mDEBUG[0m:    [16-05-2024 00:01:02] Stopping component QuotaEnforcer
[36mDEBUG[0m:    [16-05-2024 00:01:02] Stopping component SqliteDB
[36mDEBUG[0m:    [16-05-2024 00:01:02] Stopping component OpenTelemetryClient
[32mINFO[0m:     [16-05-2024 00:01:02] Application shutdown complete.
[32mINFO[0m:     [16-05-2024 00:01:02] Finished server process [[36m30167[0m]
[32mINFO[0m:     [16-05-2024 00:50:46] Set chroma_server_nofile to 65535
[32mINFO[0m:     [16-05-2024 00:50:47] Anonymized telemetry enabled. See                     https://docs.trychroma.com/telemetry for more information.
[36mDEBUG[0m:    [16-05-2024 00:50:47] Starting component System
[36mDEBUG[0m:    [16-05-2024 00:50:47] Starting component OpenTelemetryClient
[36mDEBUG[0m:    [16-05-2024 00:50:47] Starting component SqliteDB
[36mDEBUG[0m:    [16-05-2024 00:50:47] Starting component QuotaEnforcer
[36mDEBUG[0m:    [16-05-2024 00:50:47] Starting component Posthog
[36mDEBUG[0m:    [16-05-2024 00:50:47] Starting component LocalSegmentManager
[36mDEBUG[0m:    [16-05-2024 00:50:47] Starting component SegmentAPI
[32mINFO[0m:     [16-05-2024 00:50:47] Started server process [[36m36312[0m]
[32mINFO[0m:     [16-05-2024 00:50:47] Waiting for application startup.
[32mINFO[0m:     [16-05-2024 00:50:47] Application startup complete.
[32mINFO[0m:     [16-05-2024 00:50:47] Uvicorn running on [1mhttp://localhost:9090[0m (Press CTRL+C to quit)
[32mINFO[0m:     [16-05-2024 01:24:52] Set chroma_server_nofile to 65535
[32mINFO[0m:     [16-05-2024 01:24:52] Anonymized telemetry enabled. See                     https://docs.trychroma.com/telemetry for more information.
[36mDEBUG[0m:    [16-05-2024 01:24:52] Starting component System
[36mDEBUG[0m:    [16-05-2024 01:24:52] Starting component OpenTelemetryClient
[36mDEBUG[0m:    [16-05-2024 01:24:52] Starting component SqliteDB
[36mDEBUG[0m:    [16-05-2024 01:24:52] Starting component QuotaEnforcer
[36mDEBUG[0m:    [16-05-2024 01:24:52] Starting component Posthog
[36mDEBUG[0m:    [16-05-2024 01:24:52] Starting component LocalSegmentManager
[36mDEBUG[0m:    [16-05-2024 01:24:52] Starting component SegmentAPI
[32mINFO[0m:     [16-05-2024 01:24:52] Started server process [[36m45141[0m]
[32mINFO[0m:     [16-05-2024 01:24:52] Waiting for application startup.
[32mINFO[0m:     [16-05-2024 01:24:52] Application startup complete.
[32mINFO[0m:     [16-05-2024 01:24:52] Uvicorn running on [1mhttp://localhost:9090[0m (Press CTRL+C to quit)
[32mINFO[0m:     [16-05-2024 01:24:55] Shutting down
[32mINFO[0m:     [16-05-2024 01:24:55] Waiting for application shutdown.
[36mDEBUG[0m:    [16-05-2024 01:24:55] Stopping component System
[36mDEBUG[0m:    [16-05-2024 01:24:55] Stopping component SegmentAPI
[36mDEBUG[0m:    [16-05-2024 01:24:55] Stopping component LocalSegmentManager
[36mDEBUG[0m:    [16-05-2024 01:24:55] Stopping component Posthog
[36mDEBUG[0m:    [16-05-2024 01:24:55] Stopping component QuotaEnforcer
[36mDEBUG[0m:    [16-05-2024 01:24:55] Stopping component SqliteDB
[36mDEBUG[0m:    [16-05-2024 01:24:55] Stopping component OpenTelemetryClient
[32mINFO[0m:     [16-05-2024 01:24:55] Application shutdown complete.
[32mINFO[0m:     [16-05-2024 01:24:55] Finished server process [[36m45141[0m]
[32mINFO[0m:     [16-05-2024 01:25:05] Set chroma_server_nofile to 65535
[32mINFO[0m:     [16-05-2024 01:25:05] Anonymized telemetry enabled. See                     https://docs.trychroma.com/telemetry for more information.
[36mDEBUG[0m:    [16-05-2024 01:25:05] Starting component System
[36mDEBUG[0m:    [16-05-2024 01:25:05] Starting component OpenTelemetryClient
[36mDEBUG[0m:    [16-05-2024 01:25:05] Starting component SqliteDB
[36mDEBUG[0m:    [16-05-2024 01:25:05] Starting component QuotaEnforcer
[36mDEBUG[0m:    [16-05-2024 01:25:05] Starting component Posthog
[36mDEBUG[0m:    [16-05-2024 01:25:05] Starting component LocalSegmentManager
[36mDEBUG[0m:    [16-05-2024 01:25:05] Starting component SegmentAPI
[32mINFO[0m:     [16-05-2024 01:25:05] Started server process [[36m45207[0m]
[32mINFO[0m:     [16-05-2024 01:25:05] Waiting for application startup.
[32mINFO[0m:     [16-05-2024 01:25:05] Application startup complete.
[32mINFO[0m:     [16-05-2024 01:25:05] Uvicorn running on [1mhttp://localhost:9096[0m (Press CTRL+C to quit)
[32mINFO[0m:     [16-05-2024 01:25:07] Shutting down
[32mINFO[0m:     [16-05-2024 01:25:07] Waiting for application shutdown.
[36mDEBUG[0m:    [16-05-2024 01:25:07] Stopping component System
[36mDEBUG[0m:    [16-05-2024 01:25:07] Stopping component SegmentAPI
[36mDEBUG[0m:    [16-05-2024 01:25:07] Stopping component LocalSegmentManager
[36mDEBUG[0m:    [16-05-2024 01:25:07] Stopping component Posthog
[36mDEBUG[0m:    [16-05-2024 01:25:07] Stopping component QuotaEnforcer
[36mDEBUG[0m:    [16-05-2024 01:25:07] Stopping component SqliteDB
[36mDEBUG[0m:    [16-05-2024 01:25:07] Stopping component OpenTelemetryClient
[32mINFO[0m:     [16-05-2024 01:25:07] Application shutdown complete.
[32mINFO[0m:     [16-05-2024 01:25:07] Finished server process [[36m45207[0m]
[32mINFO[0m:     [16-05-2024 01:28:20] Set chroma_server_nofile to 65535
[32mINFO[0m:     [16-05-2024 01:28:20] Anonymized telemetry enabled. See                     https://docs.trychroma.com/telemetry for more information.
[36mDEBUG[0m:    [16-05-2024 01:28:20] Starting component System
[36mDEBUG[0m:    [16-05-2024 01:28:20] Starting component OpenTelemetryClient
[36mDEBUG[0m:    [16-05-2024 01:28:20] Starting component SqliteDB
[36mDEBUG[0m:    [16-05-2024 01:28:20] Starting component QuotaEnforcer
[36mDEBUG[0m:    [16-05-2024 01:28:20] Starting component Posthog
[36mDEBUG[0m:    [16-05-2024 01:28:20] Starting component LocalSegmentManager
[36mDEBUG[0m:    [16-05-2024 01:28:20] Starting component SegmentAPI
[32mINFO[0m:     [16-05-2024 01:28:20] Started server process [[36m45963[0m]
[32mINFO[0m:     [16-05-2024 01:28:20] Waiting for application startup.
[32mINFO[0m:     [16-05-2024 01:28:20] Application startup complete.
[32mINFO[0m:     [16-05-2024 01:28:20] Uvicorn running on [1mhttp://localhost:9090[0m (Press CTRL+C to quit)
[32mINFO[0m:     [16-05-2024 01:29:16] ::1:51460 - "GET /api/v1/tenants/default_tenant HTTP/1.1" 200
[32mINFO[0m:     [16-05-2024 01:29:16] ::1:51460 - "GET /api/v1/databases/default_database?tenant=default_tenant HTTP/1.1" 200
[32mINFO[0m:     [16-05-2024 01:29:16] ::1:51461 - "GET /api/v1/collections/merge_api_endpoints?tenant=default_tenant&database=default_database HTTP/1.1" 200
[36mDEBUG[0m:    [16-05-2024 01:29:17] Starting component PersistentLocalHnswSegment
[32mINFO[0m:     [16-05-2024 01:29:17] ::1:51461 - "POST /api/v1/collections/d8bac5a0-5027-46bf-a529-9fd290b954d3/query HTTP/1.1" 200
[32mINFO[0m:     [16-05-2024 01:31:44] ::1:51480 - "GET /api/v1/tenants/default_tenant HTTP/1.1" 200
[32mINFO[0m:     [16-05-2024 01:31:44] ::1:51480 - "GET /api/v1/databases/default_database?tenant=default_tenant HTTP/1.1" 200
[32mINFO[0m:     [16-05-2024 01:31:44] ::1:51481 - "GET /api/v1/collections/merge_api_endpoints?tenant=default_tenant&database=default_database HTTP/1.1" 200
[32mINFO[0m:     [16-05-2024 01:31:45] ::1:51481 - "POST /api/v1/collections/d8bac5a0-5027-46bf-a529-9fd290b954d3/query HTTP/1.1" 200
[32mINFO[0m:     [16-05-2024 01:31:49] ::1:51484 - "GET /api/v1/tenants/default_tenant HTTP/1.1" 200
[32mINFO[0m:     [16-05-2024 01:31:49] ::1:51484 - "GET /api/v1/databases/default_database?tenant=default_tenant HTTP/1.1" 200
[32mINFO[0m:     [16-05-2024 01:31:49] ::1:51485 - "GET /api/v1/collections/merge_api_endpoints?tenant=default_tenant&database=default_database HTTP/1.1" 200
[32mINFO[0m:     [16-05-2024 01:31:49] ::1:51485 - "POST /api/v1/collections/d8bac5a0-5027-46bf-a529-9fd290b954d3/query HTTP/1.1" 200
[32mINFO[0m:     [16-05-2024 01:32:32] ::1:51490 - "GET /api/v1/tenants/default_tenant HTTP/1.1" 200
[32mINFO[0m:     [16-05-2024 01:32:32] ::1:51490 - "GET /api/v1/databases/default_database?tenant=default_tenant HTTP/1.1" 200
[32mINFO[0m:     [16-05-2024 01:32:32] ::1:51491 - "GET /api/v1/collections/merge_api_endpoints?tenant=default_tenant&database=default_database HTTP/1.1" 200
[32mINFO[0m:     [16-05-2024 01:32:32] ::1:51491 - "POST /api/v1/collections/d8bac5a0-5027-46bf-a529-9fd290b954d3/query HTTP/1.1" 200
[32mINFO[0m:     [16-05-2024 01:32:35] ::1:51494 - "GET /api/v1/tenants/default_tenant HTTP/1.1" 200
[32mINFO[0m:     [16-05-2024 01:32:35] ::1:51494 - "GET /api/v1/databases/default_database?tenant=default_tenant HTTP/1.1" 200
[32mINFO[0m:     [16-05-2024 01:32:35] ::1:51495 - "GET /api/v1/collections/merge_api_endpoints?tenant=default_tenant&database=default_database HTTP/1.1" 200
[32mINFO[0m:     [16-05-2024 01:32:35] ::1:51495 - "POST /api/v1/collections/d8bac5a0-5027-46bf-a529-9fd290b954d3/query HTTP/1.1" 200
[32mINFO[0m:     [16-05-2024 01:33:52] ::1:51500 - "GET /api/v1/tenants/default_tenant HTTP/1.1" 200
[32mINFO[0m:     [16-05-2024 01:33:52] ::1:51500 - "GET /api/v1/databases/default_database?tenant=default_tenant HTTP/1.1" 200
[32mINFO[0m:     [16-05-2024 01:33:52] ::1:51501 - "GET /api/v1/collections/merge_api_endpoints?tenant=default_tenant&database=default_database HTTP/1.1" 200
[32mINFO[0m:     [16-05-2024 01:33:53] ::1:51501 - "POST /api/v1/collections/d8bac5a0-5027-46bf-a529-9fd290b954d3/query HTTP/1.1" 200
[32mINFO[0m:     [16-05-2024 01:33:58] ::1:51504 - "GET /api/v1/tenants/default_tenant HTTP/1.1" 200
[32mINFO[0m:     [16-05-2024 01:33:58] ::1:51504 - "GET /api/v1/databases/default_database?tenant=default_tenant HTTP/1.1" 200
[32mINFO[0m:     [16-05-2024 01:33:58] ::1:51505 - "GET /api/v1/collections/merge_api_endpoints?tenant=default_tenant&database=default_database HTTP/1.1" 200
[32mINFO[0m:     [16-05-2024 01:33:58] ::1:51505 - "POST /api/v1/collections/d8bac5a0-5027-46bf-a529-9fd290b954d3/query HTTP/1.1" 200
[32mINFO[0m:     [16-05-2024 01:43:27] ::1:51584 - "GET /api/v1/tenants/default_tenant HTTP/1.1" 200
[32mINFO[0m:     [16-05-2024 01:43:27] ::1:51584 - "GET /api/v1/databases/default_database?tenant=default_tenant HTTP/1.1" 200
[32mINFO[0m:     [16-05-2024 01:43:27] ::1:51585 - "GET /api/v1/collections/merge_api_endpoints?tenant=default_tenant&database=default_database HTTP/1.1" 200
[32mINFO[0m:     [16-05-2024 01:43:28] ::1:51585 - "POST /api/v1/collections/d8bac5a0-5027-46bf-a529-9fd290b954d3/query HTTP/1.1" 200
[32mINFO[0m:     [16-05-2024 01:43:30] ::1:51588 - "GET /api/v1/tenants/default_tenant HTTP/1.1" 200
[32mINFO[0m:     [16-05-2024 01:43:30] ::1:51588 - "GET /api/v1/databases/default_database?tenant=default_tenant HTTP/1.1" 200
[32mINFO[0m:     [16-05-2024 01:43:30] ::1:51589 - "GET /api/v1/collections/merge_api_endpoints?tenant=default_tenant&database=default_database HTTP/1.1" 200
[32mINFO[0m:     [16-05-2024 01:43:30] ::1:51589 - "POST /api/v1/collections/d8bac5a0-5027-46bf-a529-9fd290b954d3/query HTTP/1.1" 200
[32mINFO[0m:     [16-05-2024 02:16:38] Shutting down
[32mINFO[0m:     [16-05-2024 02:16:38] Waiting for application shutdown.
[36mDEBUG[0m:    [16-05-2024 02:16:38] Stopping component System
[36mDEBUG[0m:    [16-05-2024 02:16:38] Stopping component SegmentAPI
[36mDEBUG[0m:    [16-05-2024 02:16:38] Stopping component PersistentLocalHnswSegment
[36mDEBUG[0m:    [16-05-2024 02:16:38] Stopping component LocalSegmentManager
[36mDEBUG[0m:    [16-05-2024 02:16:38] Stopping component Posthog
[36mDEBUG[0m:    [16-05-2024 02:16:38] Stopping component QuotaEnforcer
[36mDEBUG[0m:    [16-05-2024 02:16:38] Stopping component SqliteDB
[36mDEBUG[0m:    [16-05-2024 02:16:38] Stopping component OpenTelemetryClient
[32mINFO[0m:     [16-05-2024 02:16:38] Application shutdown complete.
[32mINFO[0m:     [16-05-2024 02:16:38] Finished server process [[36m45963[0m]
[32mINFO[0m:     [16-05-2024 02:17:10] Set chroma_server_nofile to 65535
[32mINFO[0m:     [16-05-2024 02:17:10] Anonymized telemetry enabled. See                     https://docs.trychroma.com/telemetry for more information.
[36mDEBUG[0m:    [16-05-2024 02:17:10] Starting component System
[36mDEBUG[0m:    [16-05-2024 02:17:10] Starting component OpenTelemetryClient
[36mDEBUG[0m:    [16-05-2024 02:17:10] Starting component SqliteDB
[36mDEBUG[0m:    [16-05-2024 02:17:10] Starting component QuotaEnforcer
[36mDEBUG[0m:    [16-05-2024 02:17:10] Starting component Posthog
[36mDEBUG[0m:    [16-05-2024 02:17:10] Starting component LocalSegmentManager
[36mDEBUG[0m:    [16-05-2024 02:17:10] Starting component SegmentAPI
[32mINFO[0m:     [16-05-2024 02:17:10] Started server process [[36m50540[0m]
[32mINFO[0m:     [16-05-2024 02:17:10] Waiting for application startup.
[32mINFO[0m:     [16-05-2024 02:17:10] Application startup complete.
[32mINFO[0m:     [16-05-2024 02:17:10] Uvicorn running on [1mhttp://localhost:9090[0m (Press CTRL+C to quit)
[32mINFO[0m:     [16-05-2024 02:17:24] ::1:51663 - "GET /api/v1/tenants/default_tenant HTTP/1.1" 200
[32mINFO[0m:     [16-05-2024 02:17:24] ::1:51663 - "GET /api/v1/databases/default_database?tenant=default_tenant HTTP/1.1" 200
[32mINFO[0m:     [16-05-2024 02:17:24] ::1:51664 - "GET /api/v1/collections/merge_api_endpoints?tenant=default_tenant&database=default_database HTTP/1.1" 200
[36mDEBUG[0m:    [16-05-2024 02:17:25] Starting component PersistentLocalHnswSegment
[32mINFO[0m:     [16-05-2024 02:17:25] ::1:51664 - "POST /api/v1/collections/d8bac5a0-5027-46bf-a529-9fd290b954d3/query HTTP/1.1" 200
[32mINFO[0m:     [16-05-2024 02:17:44] Shutting down
[32mINFO[0m:     [16-05-2024 02:17:44] Waiting for application shutdown.
[36mDEBUG[0m:    [16-05-2024 02:17:44] Stopping component System
[36mDEBUG[0m:    [16-05-2024 02:17:44] Stopping component SegmentAPI
[36mDEBUG[0m:    [16-05-2024 02:17:44] Stopping component PersistentLocalHnswSegment
[36mDEBUG[0m:    [16-05-2024 02:17:44] Stopping component LocalSegmentManager
[36mDEBUG[0m:    [16-05-2024 02:17:44] Stopping component Posthog
[36mDEBUG[0m:    [16-05-2024 02:17:44] Stopping component QuotaEnforcer
[36mDEBUG[0m:    [16-05-2024 02:17:44] Stopping component SqliteDB
[36mDEBUG[0m:    [16-05-2024 02:17:44] Stopping component OpenTelemetryClient
[32mINFO[0m:     [16-05-2024 02:17:44] Application shutdown complete.
[32mINFO[0m:     [16-05-2024 02:17:44] Finished server process [[36m50540[0m]
[32mINFO[0m:     [16-05-2024 02:17:48] Set chroma_server_nofile to 65535
[32mINFO[0m:     [16-05-2024 02:17:48] Anonymized telemetry enabled. See                     https://docs.trychroma.com/telemetry for more information.
[36mDEBUG[0m:    [16-05-2024 02:17:48] Starting component System
[36mDEBUG[0m:    [16-05-2024 02:17:48] Starting component OpenTelemetryClient
[36mDEBUG[0m:    [16-05-2024 02:17:48] Starting component SqliteDB
[36mDEBUG[0m:    [16-05-2024 02:17:48] Starting component QuotaEnforcer
[36mDEBUG[0m:    [16-05-2024 02:17:48] Starting component Posthog
[36mDEBUG[0m:    [16-05-2024 02:17:48] Starting component LocalSegmentManager
[36mDEBUG[0m:    [16-05-2024 02:17:48] Starting component SegmentAPI
[32mINFO[0m:     [16-05-2024 02:17:48] Started server process [[36m50666[0m]
[32mINFO[0m:     [16-05-2024 02:17:48] Waiting for application startup.
[32mINFO[0m:     [16-05-2024 02:17:48] Application startup complete.
[32mINFO[0m:     [16-05-2024 02:17:48] Uvicorn running on [1mhttp://localhost:9090[0m (Press CTRL+C to quit)
[32mINFO[0m:     [16-05-2024 02:17:57] Set chroma_server_nofile to 65535
[32mINFO[0m:     [16-05-2024 02:17:57] Anonymized telemetry enabled. See                     https://docs.trychroma.com/telemetry for more information.
[36mDEBUG[0m:    [16-05-2024 02:17:57] Starting component System
[36mDEBUG[0m:    [16-05-2024 02:17:57] Starting component OpenTelemetryClient
[36mDEBUG[0m:    [16-05-2024 02:17:57] Starting component SqliteDB
[36mDEBUG[0m:    [16-05-2024 02:17:57] Starting component QuotaEnforcer
[36mDEBUG[0m:    [16-05-2024 02:17:57] Starting component Posthog
[36mDEBUG[0m:    [16-05-2024 02:17:57] Starting component LocalSegmentManager
[36mDEBUG[0m:    [16-05-2024 02:17:57] Starting component SegmentAPI
[32mINFO[0m:     [16-05-2024 02:17:57] Started server process [[36m50720[0m]
[32mINFO[0m:     [16-05-2024 02:17:57] Waiting for application startup.
[32mINFO[0m:     [16-05-2024 02:17:57] Application startup complete.
[31mERROR[0m:    [16-05-2024 02:17:57] [Errno 48] error while attempting to bind on address ('::1', 9090, 0, 0): address already in use
[32mINFO[0m:     [16-05-2024 02:17:57] Waiting for application shutdown.
[36mDEBUG[0m:    [16-05-2024 02:17:57] Stopping component System
[36mDEBUG[0m:    [16-05-2024 02:17:57] Stopping component SegmentAPI
[36mDEBUG[0m:    [16-05-2024 02:17:57] Stopping component LocalSegmentManager
[36mDEBUG[0m:    [16-05-2024 02:17:57] Stopping component Posthog
[36mDEBUG[0m:    [16-05-2024 02:17:57] Stopping component QuotaEnforcer
[36mDEBUG[0m:    [16-05-2024 02:17:57] Stopping component SqliteDB
[36mDEBUG[0m:    [16-05-2024 02:17:57] Stopping component OpenTelemetryClient
[32mINFO[0m:     [16-05-2024 02:17:57] Application shutdown complete.
[32mINFO[0m:     [16-05-2024 02:20:19] Shutting down
[32mINFO[0m:     [16-05-2024 02:20:19] Waiting for application shutdown.
[36mDEBUG[0m:    [16-05-2024 02:20:19] Stopping component System
[36mDEBUG[0m:    [16-05-2024 02:20:19] Stopping component SegmentAPI
[36mDEBUG[0m:    [16-05-2024 02:20:19] Stopping component LocalSegmentManager
[36mDEBUG[0m:    [16-05-2024 02:20:19] Stopping component Posthog
[36mDEBUG[0m:    [16-05-2024 02:20:19] Stopping component QuotaEnforcer
[36mDEBUG[0m:    [16-05-2024 02:20:19] Stopping component SqliteDB
[36mDEBUG[0m:    [16-05-2024 02:20:19] Stopping component OpenTelemetryClient
[32mINFO[0m:     [16-05-2024 02:20:19] Application shutdown complete.
[32mINFO[0m:     [16-05-2024 02:20:19] Finished server process [[36m50666[0m]
[32mINFO[0m:     [16-05-2024 02:20:46] Set chroma_server_nofile to 65535
[32mINFO[0m:     [16-05-2024 02:20:46] Anonymized telemetry enabled. See                     https://docs.trychroma.com/telemetry for more information.
[36mDEBUG[0m:    [16-05-2024 02:20:46] Starting component System
[36mDEBUG[0m:    [16-05-2024 02:20:46] Starting component OpenTelemetryClient
[36mDEBUG[0m:    [16-05-2024 02:20:46] Starting component SqliteDB
[36mDEBUG[0m:    [16-05-2024 02:20:46] Starting component QuotaEnforcer
[36mDEBUG[0m:    [16-05-2024 02:20:46] Starting component Posthog
[36mDEBUG[0m:    [16-05-2024 02:20:46] Starting component LocalSegmentManager
[36mDEBUG[0m:    [16-05-2024 02:20:46] Starting component SegmentAPI
[32mINFO[0m:     [16-05-2024 02:20:46] Started server process [[36m51244[0m]
[32mINFO[0m:     [16-05-2024 02:20:46] Waiting for application startup.
[32mINFO[0m:     [16-05-2024 02:20:46] Application startup complete.
[32mINFO[0m:     [16-05-2024 02:20:46] Uvicorn running on [1mhttp://localhost:9090[0m (Press CTRL+C to quit)
[32mINFO[0m:     [16-05-2024 02:30:30] Set chroma_server_nofile to 65535
[32mINFO[0m:     [16-05-2024 02:30:30] Anonymized telemetry enabled. See                     https://docs.trychroma.com/telemetry for more information.
[36mDEBUG[0m:    [16-05-2024 02:30:30] Starting component System
[36mDEBUG[0m:    [16-05-2024 02:30:30] Starting component OpenTelemetryClient
[36mDEBUG[0m:    [16-05-2024 02:30:30] Starting component SqliteDB
[36mDEBUG[0m:    [16-05-2024 02:30:30] Starting component QuotaEnforcer
[36mDEBUG[0m:    [16-05-2024 02:30:30] Starting component Posthog
[36mDEBUG[0m:    [16-05-2024 02:30:30] Starting component LocalSegmentManager
[36mDEBUG[0m:    [16-05-2024 02:30:30] Starting component SegmentAPI
[32mINFO[0m:     [16-05-2024 02:30:30] Started server process [[36m54589[0m]
[32mINFO[0m:     [16-05-2024 02:30:30] Waiting for application startup.
[32mINFO[0m:     [16-05-2024 02:30:30] Application startup complete.
[32mINFO[0m:     [16-05-2024 02:30:30] Uvicorn running on [1mhttp://localhost:9090[0m (Press CTRL+C to quit)
[32mINFO[0m:     [16-05-2024 02:30:44] Shutting down
[32mINFO[0m:     [16-05-2024 02:30:44] Waiting for application shutdown.
[36mDEBUG[0m:    [16-05-2024 02:30:44] Stopping component System
[36mDEBUG[0m:    [16-05-2024 02:30:44] Stopping component SegmentAPI
[36mDEBUG[0m:    [16-05-2024 02:30:44] Stopping component LocalSegmentManager
[36mDEBUG[0m:    [16-05-2024 02:30:44] Stopping component Posthog
[36mDEBUG[0m:    [16-05-2024 02:30:44] Stopping component QuotaEnforcer
[36mDEBUG[0m:    [16-05-2024 02:30:44] Stopping component SqliteDB
[36mDEBUG[0m:    [16-05-2024 02:30:44] Stopping component OpenTelemetryClient
[32mINFO[0m:     [16-05-2024 02:30:44] Application shutdown complete.
[32mINFO[0m:     [16-05-2024 02:30:44] Finished server process [[36m54589[0m]
[32mINFO[0m:     [16-05-2024 02:31:28] Set chroma_server_nofile to 65535
[32mINFO[0m:     [16-05-2024 02:31:28] Anonymized telemetry enabled. See                     https://docs.trychroma.com/telemetry for more information.
[36mDEBUG[0m:    [16-05-2024 02:31:28] Starting component System
[36mDEBUG[0m:    [16-05-2024 02:31:28] Starting component OpenTelemetryClient
[36mDEBUG[0m:    [16-05-2024 02:31:28] Starting component SqliteDB
[36mDEBUG[0m:    [16-05-2024 02:31:28] Starting component QuotaEnforcer
[36mDEBUG[0m:    [16-05-2024 02:31:28] Starting component Posthog
[36mDEBUG[0m:    [16-05-2024 02:31:28] Starting component LocalSegmentManager
[36mDEBUG[0m:    [16-05-2024 02:31:28] Starting component SegmentAPI
[32mINFO[0m:     [16-05-2024 02:31:28] Started server process [[36m54745[0m]
[32mINFO[0m:     [16-05-2024 02:31:28] Waiting for application startup.
[32mINFO[0m:     [16-05-2024 02:31:28] Application startup complete.
[32mINFO[0m:     [16-05-2024 02:31:28] Uvicorn running on [1mhttp://localhost:9090[0m (Press CTRL+C to quit)
[32mINFO[0m:     [16-05-2024 02:34:43] Set chroma_server_nofile to 65535
[32mINFO[0m:     [16-05-2024 02:34:43] Anonymized telemetry enabled. See                     https://docs.trychroma.com/telemetry for more information.
[36mDEBUG[0m:    [16-05-2024 02:34:43] Starting component System
[36mDEBUG[0m:    [16-05-2024 02:34:43] Starting component OpenTelemetryClient
[36mDEBUG[0m:    [16-05-2024 02:34:43] Starting component SqliteDB
[36mDEBUG[0m:    [16-05-2024 02:34:43] Starting component QuotaEnforcer
[36mDEBUG[0m:    [16-05-2024 02:34:43] Starting component Posthog
[36mDEBUG[0m:    [16-05-2024 02:34:43] Starting component LocalSegmentManager
[36mDEBUG[0m:    [16-05-2024 02:34:43] Starting component SegmentAPI
[32mINFO[0m:     [16-05-2024 02:34:43] Started server process [[36m55616[0m]
[32mINFO[0m:     [16-05-2024 02:34:43] Waiting for application startup.
[32mINFO[0m:     [16-05-2024 02:34:43] Application startup complete.
[32mINFO[0m:     [16-05-2024 02:34:43] Uvicorn running on [1mhttp://localhost:9090[0m (Press CTRL+C to quit)
[32mINFO[0m:     [16-05-2024 03:18:59] Set chroma_server_nofile to 65535
[32mINFO[0m:     [16-05-2024 03:18:59] Anonymized telemetry enabled. See                     https://docs.trychroma.com/telemetry for more information.
[36mDEBUG[0m:    [16-05-2024 03:18:59] Starting component System
[36mDEBUG[0m:    [16-05-2024 03:18:59] Starting component OpenTelemetryClient
[36mDEBUG[0m:    [16-05-2024 03:18:59] Starting component SqliteDB
[36mDEBUG[0m:    [16-05-2024 03:18:59] Starting component QuotaEnforcer
[36mDEBUG[0m:    [16-05-2024 03:18:59] Starting component Posthog
[36mDEBUG[0m:    [16-05-2024 03:18:59] Starting component LocalSegmentManager
[36mDEBUG[0m:    [16-05-2024 03:18:59] Starting component SegmentAPI
[32mINFO[0m:     [16-05-2024 03:18:59] Started server process [[36m60985[0m]
[32mINFO[0m:     [16-05-2024 03:18:59] Waiting for application startup.
[32mINFO[0m:     [16-05-2024 03:18:59] Application startup complete.
[32mINFO[0m:     [16-05-2024 03:18:59] Uvicorn running on [1mhttp://localhost:9090[0m (Press CTRL+C to quit)
[32mINFO[0m:     [16-05-2024 03:19:20] ::1:52576 - "GET /api/v1/tenants/default_tenant HTTP/1.1" 200
[32mINFO[0m:     [16-05-2024 03:19:20] ::1:52576 - "GET /api/v1/databases/default_database?tenant=default_tenant HTTP/1.1" 200
[32mINFO[0m:     [16-05-2024 03:19:20] ::1:52577 - "GET /api/v1/collections/merge_api_endpoints?tenant=default_tenant&database=default_database HTTP/1.1" 200
[36mDEBUG[0m:    [16-05-2024 03:19:21] Starting component PersistentLocalHnswSegment
[32mINFO[0m:     [16-05-2024 03:19:21] ::1:52577 - "POST /api/v1/collections/d8bac5a0-5027-46bf-a529-9fd290b954d3/query HTTP/1.1" 200
[32mINFO[0m:     [16-05-2024 03:19:28] ::1:52582 - "GET /api/v1/tenants/default_tenant HTTP/1.1" 200
[32mINFO[0m:     [16-05-2024 03:19:28] ::1:52582 - "GET /api/v1/databases/default_database?tenant=default_tenant HTTP/1.1" 200
[32mINFO[0m:     [16-05-2024 03:19:28] ::1:52583 - "GET /api/v1/collections/merge_api_endpoints?tenant=default_tenant&database=default_database HTTP/1.1" 200
[32mINFO[0m:     [16-05-2024 03:19:28] ::1:52583 - "POST /api/v1/collections/d8bac5a0-5027-46bf-a529-9fd290b954d3/query HTTP/1.1" 200
[32mINFO[0m:     [16-05-2024 03:21:08] ::1:52602 - "GET /api/v1/tenants/default_tenant HTTP/1.1" 200
[32mINFO[0m:     [16-05-2024 03:21:08] ::1:52602 - "GET /api/v1/databases/default_database?tenant=default_tenant HTTP/1.1" 200
[32mINFO[0m:     [16-05-2024 03:21:08] ::1:52603 - "GET /api/v1/collections/merge_api_endpoints?tenant=default_tenant&database=default_database HTTP/1.1" 200
[32mINFO[0m:     [16-05-2024 03:21:08] ::1:52603 - "POST /api/v1/collections/d8bac5a0-5027-46bf-a529-9fd290b954d3/query HTTP/1.1" 200
[32mINFO[0m:     [16-05-2024 03:21:47] ::1:52632 - "GET /api/v1/tenants/default_tenant HTTP/1.1" 200
[32mINFO[0m:     [16-05-2024 03:21:47] ::1:52632 - "GET /api/v1/databases/default_database?tenant=default_tenant HTTP/1.1" 200
[32mINFO[0m:     [16-05-2024 03:21:47] ::1:52633 - "GET /api/v1/collections/merge_api_endpoints?tenant=default_tenant&database=default_database HTTP/1.1" 200
[32mINFO[0m:     [16-05-2024 03:21:47] ::1:52633 - "POST /api/v1/collections/d8bac5a0-5027-46bf-a529-9fd290b954d3/query HTTP/1.1" 200
[32mINFO[0m:     [16-05-2024 03:21:50] ::1:52639 - "GET /api/v1/tenants/default_tenant HTTP/1.1" 200
[32mINFO[0m:     [16-05-2024 03:21:50] ::1:52639 - "GET /api/v1/databases/default_database?tenant=default_tenant HTTP/1.1" 200
[32mINFO[0m:     [16-05-2024 03:21:50] ::1:52640 - "GET /api/v1/collections/merge_api_endpoints?tenant=default_tenant&database=default_database HTTP/1.1" 200
[32mINFO[0m:     [16-05-2024 03:21:50] ::1:52640 - "POST /api/v1/collections/d8bac5a0-5027-46bf-a529-9fd290b954d3/query HTTP/1.1" 200
[32mINFO[0m:     [16-05-2024 03:22:43] ::1:52652 - "GET /api/v1/tenants/default_tenant HTTP/1.1" 200
[32mINFO[0m:     [16-05-2024 03:22:43] ::1:52652 - "GET /api/v1/databases/default_database?tenant=default_tenant HTTP/1.1" 200
[32mINFO[0m:     [16-05-2024 03:22:43] ::1:52653 - "GET /api/v1/collections/merge_api_endpoints?tenant=default_tenant&database=default_database HTTP/1.1" 200
[32mINFO[0m:     [16-05-2024 03:22:43] ::1:52653 - "POST /api/v1/collections/d8bac5a0-5027-46bf-a529-9fd290b954d3/query HTTP/1.1" 200
[32mINFO[0m:     [16-05-2024 03:22:46] ::1:52657 - "GET /api/v1/tenants/default_tenant HTTP/1.1" 200
[32mINFO[0m:     [16-05-2024 03:22:46] ::1:52657 - "GET /api/v1/databases/default_database?tenant=default_tenant HTTP/1.1" 200
[32mINFO[0m:     [16-05-2024 03:22:46] ::1:52658 - "GET /api/v1/collections/merge_api_endpoints?tenant=default_tenant&database=default_database HTTP/1.1" 200
[32mINFO[0m:     [16-05-2024 03:22:46] ::1:52658 - "POST /api/v1/collections/d8bac5a0-5027-46bf-a529-9fd290b954d3/query HTTP/1.1" 200
[32mINFO[0m:     [16-05-2024 03:23:06] ::1:52661 - "GET /api/v1/tenants/default_tenant HTTP/1.1" 200
[32mINFO[0m:     [16-05-2024 03:23:06] ::1:52661 - "GET /api/v1/databases/default_database?tenant=default_tenant HTTP/1.1" 200
[32mINFO[0m:     [16-05-2024 03:23:06] ::1:52662 - "GET /api/v1/collections/merge_api_endpoints?tenant=default_tenant&database=default_database HTTP/1.1" 200
[32mINFO[0m:     [16-05-2024 03:23:06] ::1:52662 - "POST /api/v1/collections/d8bac5a0-5027-46bf-a529-9fd290b954d3/query HTTP/1.1" 200
[32mINFO[0m:     [16-05-2024 03:23:10] ::1:52667 - "GET /api/v1/tenants/default_tenant HTTP/1.1" 200
[32mINFO[0m:     [16-05-2024 03:23:10] ::1:52667 - "GET /api/v1/databases/default_database?tenant=default_tenant HTTP/1.1" 200
[32mINFO[0m:     [16-05-2024 03:23:10] ::1:52668 - "GET /api/v1/collections/merge_api_endpoints?tenant=default_tenant&database=default_database HTTP/1.1" 200
[32mINFO[0m:     [16-05-2024 03:23:10] ::1:52668 - "POST /api/v1/collections/d8bac5a0-5027-46bf-a529-9fd290b954d3/query HTTP/1.1" 200
[32mINFO[0m:     [16-05-2024 03:23:23] ::1:52671 - "GET /api/v1/tenants/default_tenant HTTP/1.1" 200
[32mINFO[0m:     [16-05-2024 03:23:23] ::1:52671 - "GET /api/v1/databases/default_database?tenant=default_tenant HTTP/1.1" 200
[32mINFO[0m:     [16-05-2024 03:23:23] ::1:52672 - "GET /api/v1/collections/merge_api_endpoints?tenant=default_tenant&database=default_database HTTP/1.1" 200
[32mINFO[0m:     [16-05-2024 03:23:24] ::1:52672 - "POST /api/v1/collections/d8bac5a0-5027-46bf-a529-9fd290b954d3/query HTTP/1.1" 200
[32mINFO[0m:     [16-05-2024 03:23:28] ::1:52677 - "GET /api/v1/tenants/default_tenant HTTP/1.1" 200
[32mINFO[0m:     [16-05-2024 03:23:28] ::1:52677 - "GET /api/v1/databases/default_database?tenant=default_tenant HTTP/1.1" 200
[32mINFO[0m:     [16-05-2024 03:23:28] ::1:52678 - "GET /api/v1/collections/merge_api_endpoints?tenant=default_tenant&database=default_database HTTP/1.1" 200
[32mINFO[0m:     [16-05-2024 03:23:28] ::1:52678 - "POST /api/v1/collections/d8bac5a0-5027-46bf-a529-9fd290b954d3/query HTTP/1.1" 200
[32mINFO[0m:     [16-05-2024 03:25:14] ::1:52697 - "GET /api/v1/tenants/default_tenant HTTP/1.1" 200
[32mINFO[0m:     [16-05-2024 03:25:14] ::1:52697 - "GET /api/v1/databases/default_database?tenant=default_tenant HTTP/1.1" 200
[32mINFO[0m:     [16-05-2024 03:25:14] ::1:52698 - "GET /api/v1/collections/merge_api_endpoints?tenant=default_tenant&database=default_database HTTP/1.1" 200
[32mINFO[0m:     [16-05-2024 03:25:14] ::1:52698 - "POST /api/v1/collections/d8bac5a0-5027-46bf-a529-9fd290b954d3/query HTTP/1.1" 200
[32mINFO[0m:     [16-05-2024 03:25:18] ::1:52701 - "GET /api/v1/tenants/default_tenant HTTP/1.1" 200
[32mINFO[0m:     [16-05-2024 03:25:18] ::1:52701 - "GET /api/v1/databases/default_database?tenant=default_tenant HTTP/1.1" 200
[32mINFO[0m:     [16-05-2024 03:25:18] ::1:52702 - "GET /api/v1/collections/merge_api_endpoints?tenant=default_tenant&database=default_database HTTP/1.1" 200
[32mINFO[0m:     [16-05-2024 03:25:18] ::1:52702 - "POST /api/v1/collections/d8bac5a0-5027-46bf-a529-9fd290b954d3/query HTTP/1.1" 200
[32mINFO[0m:     [16-05-2024 03:28:22] ::1:52739 - "GET /api/v1/tenants/default_tenant HTTP/1.1" 200
[32mINFO[0m:     [16-05-2024 03:28:22] ::1:52739 - "GET /api/v1/databases/default_database?tenant=default_tenant HTTP/1.1" 200
[32mINFO[0m:     [16-05-2024 03:28:22] ::1:52740 - "GET /api/v1/collections/merge_api_endpoints?tenant=default_tenant&database=default_database HTTP/1.1" 200
[32mINFO[0m:     [16-05-2024 03:28:22] ::1:52740 - "POST /api/v1/collections/d8bac5a0-5027-46bf-a529-9fd290b954d3/query HTTP/1.1" 200
[32mINFO[0m:     [16-05-2024 03:28:25] ::1:52745 - "GET /api/v1/tenants/default_tenant HTTP/1.1" 200
[32mINFO[0m:     [16-05-2024 03:28:25] ::1:52745 - "GET /api/v1/databases/default_database?tenant=default_tenant HTTP/1.1" 200
[32mINFO[0m:     [16-05-2024 03:28:25] ::1:52746 - "GET /api/v1/collections/merge_api_endpoints?tenant=default_tenant&database=default_database HTTP/1.1" 200
[32mINFO[0m:     [16-05-2024 03:28:25] ::1:52746 - "POST /api/v1/collections/d8bac5a0-5027-46bf-a529-9fd290b954d3/query HTTP/1.1" 200
[32mINFO[0m:     [16-05-2024 03:28:40] ::1:52749 - "GET /api/v1/tenants/default_tenant HTTP/1.1" 200
[32mINFO[0m:     [16-05-2024 03:28:40] ::1:52749 - "GET /api/v1/databases/default_database?tenant=default_tenant HTTP/1.1" 200
[32mINFO[0m:     [16-05-2024 03:28:40] ::1:52750 - "GET /api/v1/collections/merge_api_endpoints?tenant=default_tenant&database=default_database HTTP/1.1" 200
[32mINFO[0m:     [16-05-2024 03:28:40] ::1:52750 - "POST /api/v1/collections/d8bac5a0-5027-46bf-a529-9fd290b954d3/query HTTP/1.1" 200
[32mINFO[0m:     [16-05-2024 03:28:43] ::1:52754 - "GET /api/v1/tenants/default_tenant HTTP/1.1" 200
[32mINFO[0m:     [16-05-2024 03:28:43] ::1:52754 - "GET /api/v1/databases/default_database?tenant=default_tenant HTTP/1.1" 200
[32mINFO[0m:     [16-05-2024 03:28:43] ::1:52755 - "GET /api/v1/collections/merge_api_endpoints?tenant=default_tenant&database=default_database HTTP/1.1" 200
[32mINFO[0m:     [16-05-2024 03:28:43] ::1:52755 - "POST /api/v1/collections/d8bac5a0-5027-46bf-a529-9fd290b954d3/query HTTP/1.1" 200
[32mINFO[0m:     [16-05-2024 03:34:12] ::1:52810 - "GET /api/v1/tenants/default_tenant HTTP/1.1" 200
[32mINFO[0m:     [16-05-2024 03:34:12] ::1:52810 - "GET /api/v1/databases/default_database?tenant=default_tenant HTTP/1.1" 200
[32mINFO[0m:     [16-05-2024 03:34:12] ::1:52811 - "GET /api/v1/collections/merge_api_endpoints?tenant=default_tenant&database=default_database HTTP/1.1" 200
[32mINFO[0m:     [16-05-2024 03:34:12] ::1:52811 - "POST /api/v1/collections/d8bac5a0-5027-46bf-a529-9fd290b954d3/query HTTP/1.1" 200
[32mINFO[0m:     [16-05-2024 03:34:15] ::1:52816 - "GET /api/v1/tenants/default_tenant HTTP/1.1" 200
[32mINFO[0m:     [16-05-2024 03:34:15] ::1:52816 - "GET /api/v1/databases/default_database?tenant=default_tenant HTTP/1.1" 200
[32mINFO[0m:     [16-05-2024 03:34:15] ::1:52817 - "GET /api/v1/collections/merge_api_endpoints?tenant=default_tenant&database=default_database HTTP/1.1" 200
[32mINFO[0m:     [16-05-2024 03:34:15] ::1:52817 - "POST /api/v1/collections/d8bac5a0-5027-46bf-a529-9fd290b954d3/query HTTP/1.1" 200
[32mINFO[0m:     [16-05-2024 03:55:25] Set chroma_server_nofile to 65535
[32mINFO[0m:     [16-05-2024 03:55:25] Anonymized telemetry enabled. See                     https://docs.trychroma.com/telemetry for more information.
[36mDEBUG[0m:    [16-05-2024 03:55:25] Starting component System
[36mDEBUG[0m:    [16-05-2024 03:55:25] Starting component OpenTelemetryClient
[36mDEBUG[0m:    [16-05-2024 03:55:25] Starting component SqliteDB
[36mDEBUG[0m:    [16-05-2024 03:55:25] Starting component QuotaEnforcer
[36mDEBUG[0m:    [16-05-2024 03:55:25] Starting component Posthog
[36mDEBUG[0m:    [16-05-2024 03:55:25] Starting component LocalSegmentManager
[36mDEBUG[0m:    [16-05-2024 03:55:25] Starting component SegmentAPI
[32mINFO[0m:     [16-05-2024 03:55:25] Started server process [[36m67163[0m]
[32mINFO[0m:     [16-05-2024 03:55:25] Waiting for application startup.
[32mINFO[0m:     [16-05-2024 03:55:25] Application startup complete.
[32mINFO[0m:     [16-05-2024 03:55:25] Uvicorn running on [1mhttp://localhost:9090[0m (Press CTRL+C to quit)
[32mINFO[0m:     [16-05-2024 03:55:27] Shutting down
[32mINFO[0m:     [16-05-2024 03:55:27] Waiting for application shutdown.
[36mDEBUG[0m:    [16-05-2024 03:55:27] Stopping component System
[36mDEBUG[0m:    [16-05-2024 03:55:27] Stopping component SegmentAPI
[36mDEBUG[0m:    [16-05-2024 03:55:27] Stopping component LocalSegmentManager
[36mDEBUG[0m:    [16-05-2024 03:55:27] Stopping component Posthog
[36mDEBUG[0m:    [16-05-2024 03:55:27] Stopping component QuotaEnforcer
[36mDEBUG[0m:    [16-05-2024 03:55:27] Stopping component SqliteDB
[36mDEBUG[0m:    [16-05-2024 03:55:27] Stopping component OpenTelemetryClient
[32mINFO[0m:     [16-05-2024 03:55:27] Application shutdown complete.
[32mINFO[0m:     [16-05-2024 03:55:27] Finished server process [[36m67163[0m]
